[01m[K/home/jrv/Research/Velodyne/velodyne_ws/src/lidar_sp/src/lidar_sp.cpp:18:3:[m[K [01;31m[Kerror: [m[Kâ€˜[01m[Koink[m[Kâ€™ does not name a type
   oink
[01;32m[K   ^[m[K
[01m[K/home/jrv/Research/Velodyne/velodyne_ws/src/lidar_sp/src/lidar_sp.cpp:21:15:[m[K [01;31m[Kerror: [m[Kâ€˜[01m[KN_COLORS[m[Kâ€™ was not declared in this scope
   int rainbow[N_COLORS] = {color_red, color_orange, color_yellow,
[01;32m[K               ^[m[K
[01m[K/home/jrv/Research/Velodyne/velodyne_ws/src/lidar_sp/src/lidar_sp.cpp:33:3:[m[K [01;31m[Kerror: [m[Kâ€˜[01m[KRingColors[m[Kâ€™ does not name a type
   RingColors::RingColors(ros::NodeHandle node, ros::NodeHandle private_nh)
[01;32m[K   ^[m[K
[01m[K/home/jrv/Research/Velodyne/velodyne_ws/src/lidar_sp/src/lidar_sp.cpp:49:5:[m[K [01;31m[Kerror: [m[Kâ€˜[01m[KRingColors[m[Kâ€™ has not been declared
     RingColors::convertPoints(const VPointCloud::ConstPtr &inMsg)
[01;32m[K     ^[m[K
[01m[K/home/jrv/Research/Velodyne/velodyne_ws/src/lidar_sp/src/lidar_sp.cpp:[m[K In function â€˜[01m[Kvoid velodyne_pointcloud::convertPoints(const ConstPtr&)[m[Kâ€™:
[01m[K/home/jrv/Research/Velodyne/velodyne_ws/src/lidar_sp/src/lidar_sp.cpp:51:9:[m[K [01;31m[Kerror: [m[Kâ€˜[01m[Koutput_[m[Kâ€™ was not declared in this scope
     if (output_.getNumSubscribers() == 0)         // no one listening?
[01;32m[K         ^[m[K
[01m[K/home/jrv/Research/Velodyne/velodyne_ws/src/lidar_sp/src/lidar_sp.cpp:69:45:[m[K [01;31m[Kerror: [m[Kâ€˜[01m[KN_COLORS[m[Kâ€™ was not declared in this scope
         int color = inMsg->points[i].ring % N_COLORS;
[01;32m[K                                             ^[m[K
[01m[K/home/jrv/Research/Velodyne/velodyne_ws/src/lidar_sp/src/lidar_sp.cpp:70:43:[m[K [01;31m[Kerror: [m[Kâ€˜[01m[Krainbow[m[Kâ€™ was not declared in this scope
         p.rgb = *reinterpret_cast<float*>(rainbow+color);
[01;32m[K                                           ^[m[K
[01m[K/home/jrv/Research/Velodyne/velodyne_ws/src/lidar_sp/src/lidar_sp.cpp:76:5:[m[K [01;31m[Kerror: [m[Kâ€˜[01m[Koutput_[m[Kâ€™ was not declared in this scope
     output_.publish(outMsg);
[01;32m[K     ^[m[K
make[2]: *** [CMakeFiles/lidar_sp.dir/src/lidar_sp.cpp.o] Error 1
make[1]: *** [CMakeFiles/lidar_sp.dir/all] Error 2
make: *** [all] Error 2
