[01m[K/home/jrv/Research/Velodyne/velodyne_ws/src/lidar_sp/src/a2.cpp:9:9:[m[K [01;31m[Kerror: [m[Kâ€˜[01m[Kvelodyne_pointcloud[m[Kâ€™ does not name a type
 typedef velodyne_pointcloud::PointXYZIR VPoint;
[01;32m[K         ^[m[K
[01m[K/home/jrv/Research/Velodyne/velodyne_ws/src/lidar_sp/src/a2.cpp:10:25:[m[K [01;31m[Kerror: [m[Kâ€˜[01m[KVPoint[m[Kâ€™ was not declared in this scope
 typedef pcl::PointCloud<VPoint> VPointCloud;
[01;32m[K                         ^[m[K
[01m[K/home/jrv/Research/Velodyne/velodyne_ws/src/lidar_sp/src/a2.cpp:10:31:[m[K [01;31m[Kerror: [m[Ktemplate argument 1 is invalid
 typedef pcl::PointCloud<VPoint> VPointCloud;
[01;32m[K                               ^[m[K
[01m[K/home/jrv/Research/Velodyne/velodyne_ws/src/lidar_sp/src/a2.cpp:16:50:[m[K [01;31m[Kerror: [m[Kexpected unqualified-id before â€˜[01m[K&[m[Kâ€™ token
   void cloud_sub_pub(const VPointCloud::ConstPtr &inMsg);
[01;32m[K                                                  ^[m[K
[01m[K/home/jrv/Research/Velodyne/velodyne_ws/src/lidar_sp/src/a2.cpp:16:50:[m[K [01;31m[Kerror: [m[Kexpected â€˜[01m[K)[m[Kâ€™ before â€˜[01m[K&[m[Kâ€™ token
[01m[K/home/jrv/Research/Velodyne/velodyne_ws/src/lidar_sp/src/a2.cpp:16:41:[m[K [01;31m[Kerror: [m[Kexpected â€˜[01m[K;[m[Kâ€™ at end of member declaration
   void cloud_sub_pub(const VPointCloud::ConstPtr &inMsg);
[01;32m[K                                         ^[m[K
[01m[K/home/jrv/Research/Velodyne/velodyne_ws/src/lidar_sp/src/a2.cpp:16:51:[m[K [01;31m[Kerror: [m[KISO C++ forbids declaration of â€˜[01m[KinMsg[m[Kâ€™ with no type [-fpermissive]
   void cloud_sub_pub(const VPointCloud::ConstPtr &inMsg);
[01;32m[K                                                   ^[m[K
[01m[K/home/jrv/Research/Velodyne/velodyne_ws/src/lidar_sp/src/a2.cpp:16:51:[m[K [01;31m[Kerror: [m[Kexpected â€˜[01m[K;[m[Kâ€™ at end of member declaration
[01m[K/home/jrv/Research/Velodyne/velodyne_ws/src/lidar_sp/src/a2.cpp:16:56:[m[K [01;31m[Kerror: [m[Kexpected unqualified-id before â€˜[01m[K)[m[Kâ€™ token
   void cloud_sub_pub(const VPointCloud::ConstPtr &inMsg);
[01;32m[K                                                        ^[m[K
[01m[K/home/jrv/Research/Velodyne/velodyne_ws/src/lidar_sp/src/a2.cpp:[m[K In constructor â€˜[01m[Kcloud_filter::cloud_filter()[m[Kâ€™:
[01m[K/home/jrv/Research/Velodyne/velodyne_ws/src/lidar_sp/src/a2.cpp:24:1:[m[K [01;31m[Kerror: [m[Kuninitialized reference member in â€˜[01m[Kint&[m[Kâ€™ [-fpermissive]
 cloud_filter::cloud_filter()
[01;32m[K ^[m[K
[01m[K/home/jrv/Research/Velodyne/velodyne_ws/src/lidar_sp/src/a2.cpp:16:51:[m[K [01;36m[Knote: [m[Kâ€˜[01m[Kint& cloud_filter::inMsg[m[Kâ€™ should be initialized
   void cloud_sub_pub(const VPointCloud::ConstPtr &inMsg);
[01;32m[K                                                   ^[m[K
[01m[K/home/jrv/Research/Velodyne/velodyne_ws/src/lidar_sp/src/a2.cpp:26:77:[m[K [01;31m[Kerror: [m[Kno matching function for call to â€˜[01m[Kros::NodeHandle::subscribe(const char [15], int, void (cloud_filter::*)(...), cloud_filter*)[m[Kâ€™
 pcl_sub = nh.subscribe("/velodyne_cuts",10,&cloud_filter::cloud_sub_pub,this);
[01;32m[K                                                                             ^[m[K
In file included from [01m[K/opt/ros/kinetic/include/ros/ros.h:45:0[m[K,
                 from [01m[K/home/jrv/Research/Velodyne/velodyne_ws/src/lidar_sp/src/a2.cpp:1[m[K:
[01m[K/opt/ros/kinetic/include/ros/node_handle.h:402:14:[m[K [01;36m[Knote: [m[Kcandidate: template<class M, class T> ros::Subscriber ros::NodeHandle::subscribe(const string&, uint32_t, void (T::*)(M), T*, const ros::TransportHints&)
   Subscriber subscribe(const std::string& topic, uint32_t queue_size, void(T::*fp)(M), T* obj, 
[01;32m[K              ^[m[K
[01m[K/opt/ros/kinetic/include/ros/node_handle.h:402:14:[m[K [01;36m[Knote: [m[K  template argument deduction/substitution failed:
[01m[K/home/jrv/Research/Velodyne/velodyne_ws/src/lidar_sp/src/a2.cpp:26:77:[m[K [01;36m[Knote: [m[K  candidate expects 2 arguments, 1 provided
 pcl_sub = nh.subscribe("/velodyne_cuts",10,&cloud_filter::cloud_sub_pub,this);
[01;32m[K                                                                             ^[m[K
In file included from [01m[K/opt/ros/kinetic/include/ros/ros.h:45:0[m[K,
                 from [01m[K/home/jrv/Research/Velodyne/velodyne_ws/src/lidar_sp/src/a2.cpp:1[m[K:
[01m[K/opt/ros/kinetic/include/ros/node_handle.h:413:14:[m[K [01;36m[Knote: [m[Kcandidate: template<class M, class T> ros::Subscriber ros::NodeHandle::subscribe(const string&, uint32_t, void (T::*)(M) const, T*, const ros::TransportHints&)
   Subscriber subscribe(const std::string& topic, uint32_t queue_size, void(T::*fp)(M) const, T* obj, 
[01;32m[K              ^[m[K
[01m[K/opt/ros/kinetic/include/ros/node_handle.h:413:14:[m[K [01;36m[Knote: [m[K  template argument deduction/substitution failed:
[01m[K/home/jrv/Research/Velodyne/velodyne_ws/src/lidar_sp/src/a2.cpp:26:77:[m[K [01;36m[Knote: [m[K  types â€˜[01m[Kvoid (T::)(M) const[m[Kâ€™ and â€˜[01m[Kvoid (cloud_filter::)(...)[m[Kâ€™ have incompatible cv-qualifiers
 pcl_sub = nh.subscribe("/velodyne_cuts",10,&cloud_filter::cloud_sub_pub,this);
[01;32m[K                                                                             ^[m[K
In file included from [01m[K/opt/ros/kinetic/include/ros/ros.h:45:0[m[K,
                 from [01m[K/home/jrv/Research/Velodyne/velodyne_ws/src/lidar_sp/src/a2.cpp:1[m[K:
[01m[K/opt/ros/kinetic/include/ros/node_handle.h:465:14:[m[K [01;36m[Knote: [m[Kcandidate: template<class M, class T> ros::Subscriber ros::NodeHandle::subscribe(const string&, uint32_t, void (T::*)(const boost::shared_ptr<const M>&), T*, const ros::TransportHints&)
   Subscriber subscribe(const std::string& topic, uint32_t queue_size, 
[01;32m[K              ^[m[K
[01m[K/opt/ros/kinetic/include/ros/node_handle.h:465:14:[m[K [01;36m[Knote: [m[K  template argument deduction/substitution failed:
[01m[K/home/jrv/Research/Velodyne/velodyne_ws/src/lidar_sp/src/a2.cpp:26:77:[m[K [01;36m[Knote: [m[K  candidate expects 2 arguments, 1 provided
 pcl_sub = nh.subscribe("/velodyne_cuts",10,&cloud_filter::cloud_sub_pub,this);
[01;32m[K                                                                             ^[m[K
In file included from [01m[K/opt/ros/kinetic/include/ros/ros.h:45:0[m[K,
                 from [01m[K/home/jrv/Research/Velodyne/velodyne_ws/src/lidar_sp/src/a2.cpp:1[m[K:
[01m[K/opt/ros/kinetic/include/ros/node_handle.h:475:14:[m[K [01;36m[Knote: [m[Kcandidate: template<class M, class T> ros::Subscriber ros::NodeHandle::subscribe(const string&, uint32_t, void (T::*)(const boost::shared_ptr<const M>&) const, T*, const ros::TransportHints&)
   Subscriber subscribe(const std::string& topic, uint32_t queue_size, 
[01;32m[K              ^[m[K
[01m[K/opt/ros/kinetic/include/ros/node_handle.h:475:14:[m[K [01;36m[Knote: [m[K  template argument deduction/substitution failed:
[01m[K/home/jrv/Research/Velodyne/velodyne_ws/src/lidar_sp/src/a2.cpp:26:77:[m[K [01;36m[Knote: [m[K  types â€˜[01m[Kvoid (T::)(const boost::shared_ptr<const M>&) const[m[Kâ€™ and â€˜[01m[Kvoid (cloud_filter::)(...)[m[Kâ€™ have incompatible cv-qualifiers
 pcl_sub = nh.subscribe("/velodyne_cuts",10,&cloud_filter::cloud_sub_pub,this);
[01;32m[K                                                                             ^[m[K
In file included from [01m[K/opt/ros/kinetic/include/ros/ros.h:45:0[m[K,
                 from [01m[K/home/jrv/Research/Velodyne/velodyne_ws/src/lidar_sp/src/a2.cpp:1[m[K:
[01m[K/opt/ros/kinetic/include/ros/node_handle.h:529:14:[m[K [01;36m[Knote: [m[Kcandidate: template<class M, class T> ros::Subscriber ros::NodeHandle::subscribe(const string&, uint32_t, void (T::*)(M), const boost::shared_ptr<U>&, const ros::TransportHints&)
   Subscriber subscribe(const std::string& topic, uint32_t queue_size, void(T::*fp)(M), 
[01;32m[K              ^[m[K
[01m[K/opt/ros/kinetic/include/ros/node_handle.h:529:14:[m[K [01;36m[Knote: [m[K  template argument deduction/substitution failed:
[01m[K/home/jrv/Research/Velodyne/velodyne_ws/src/lidar_sp/src/a2.cpp:26:77:[m[K [01;36m[Knote: [m[K  candidate expects 2 arguments, 1 provided
 pcl_sub = nh.subscribe("/velodyne_cuts",10,&cloud_filter::cloud_sub_pub,this);
[01;32m[K                                                                             ^[m[K
In file included from [01m[K/opt/ros/kinetic/include/ros/ros.h:45:0[m[K,
                 from [01m[K/home/jrv/Research/Velodyne/velodyne_ws/src/lidar_sp/src/a2.cpp:1[m[K:
[01m[K/opt/ros/kinetic/include/ros/node_handle.h:540:14:[m[K [01;36m[Knote: [m[Kcandidate: template<class M, class T> ros::Subscriber ros::NodeHandle::subscribe(const string&, uint32_t, void (T::*)(M) const, const boost::shared_ptr<U>&, const ros::TransportHints&)
   Subscriber subscribe(const std::string& topic, uint32_t queue_size, void(T::*fp)(M) const, 
[01;32m[K              ^[m[K
[01m[K/opt/ros/kinetic/include/ros/node_handle.h:540:14:[m[K [01;36m[Knote: [m[K  template argument deduction/substitution failed:
[01m[K/home/jrv/Research/Velodyne/velodyne_ws/src/lidar_sp/src/a2.cpp:26:77:[m[K [01;36m[Knote: [m[K  types â€˜[01m[Kvoid (T::)(M) const[m[Kâ€™ and â€˜[01m[Kvoid (cloud_filter::)(...)[m[Kâ€™ have incompatible cv-qualifiers
 pcl_sub = nh.subscribe("/velodyne_cuts",10,&cloud_filter::cloud_sub_pub,this);
[01;32m[K                                                                             ^[m[K
In file included from [01m[K/opt/ros/kinetic/include/ros/ros.h:45:0[m[K,
                 from [01m[K/home/jrv/Research/Velodyne/velodyne_ws/src/lidar_sp/src/a2.cpp:1[m[K:
[01m[K/opt/ros/kinetic/include/ros/node_handle.h:594:14:[m[K [01;36m[Knote: [m[Kcandidate: template<class M, class T> ros::Subscriber ros::NodeHandle::subscribe(const string&, uint32_t, void (T::*)(const boost::shared_ptr<const M>&), const boost::shared_ptr<U>&, const ros::TransportHints&)
   Subscriber subscribe(const std::string& topic, uint32_t queue_size, 
[01;32m[K              ^[m[K
[01m[K/opt/ros/kinetic/include/ros/node_handle.h:594:14:[m[K [01;36m[Knote: [m[K  template argument deduction/substitution failed:
[01m[K/home/jrv/Research/Velodyne/velodyne_ws/src/lidar_sp/src/a2.cpp:26:77:[m[K [01;36m[Knote: [m[K  candidate expects 2 arguments, 1 provided
 pcl_sub = nh.subscribe("/velodyne_cuts",10,&cloud_filter::cloud_sub_pub,this);
[01;32m[K                                                                             ^[m[K
In file included from [01m[K/opt/ros/kinetic/include/ros/ros.h:45:0[m[K,
                 from [01m[K/home/jrv/Research/Velodyne/velodyne_ws/src/lidar_sp/src/a2.cpp:1[m[K:
[01m[K/opt/ros/kinetic/include/ros/node_handle.h:605:14:[m[K [01;36m[Knote: [m[Kcandidate: template<class M, class T> ros::Subscriber ros::NodeHandle::subscribe(const string&, uint32_t, void (T::*)(const boost::shared_ptr<const M>&) const, const boost::shared_ptr<U>&, const ros::TransportHints&)
   Subscriber subscribe(const std::string& topic, uint32_t queue_size, 
[01;32m[K              ^[m[K
[01m[K/opt/ros/kinetic/include/ros/node_handle.h:605:14:[m[K [01;36m[Knote: [m[K  template argument deduction/substitution failed:
[01m[K/home/jrv/Research/Velodyne/velodyne_ws/src/lidar_sp/src/a2.cpp:26:77:[m[K [01;36m[Knote: [m[K  types â€˜[01m[Kvoid (T::)(const boost::shared_ptr<const M>&) const[m[Kâ€™ and â€˜[01m[Kvoid (cloud_filter::)(...)[m[Kâ€™ have incompatible cv-qualifiers
 pcl_sub = nh.subscribe("/velodyne_cuts",10,&cloud_filter::cloud_sub_pub,this);
[01;32m[K                                                                             ^[m[K
In file included from [01m[K/opt/ros/kinetic/include/ros/ros.h:45:0[m[K,
                 from [01m[K/home/jrv/Research/Velodyne/velodyne_ws/src/lidar_sp/src/a2.cpp:1[m[K:
[01m[K/opt/ros/kinetic/include/ros/node_handle.h:656:14:[m[K [01;36m[Knote: [m[Kcandidate: template<class M> ros::Subscriber ros::NodeHandle::subscribe(const string&, uint32_t, void (*)(M), const ros::TransportHints&)
   Subscriber subscribe(const std::string& topic, uint32_t queue_size, void(*fp)(M), const TransportHints& transport_hints = TransportHints())
[01;32m[K              ^[m[K
[01m[K/opt/ros/kinetic/include/ros/node_handle.h:656:14:[m[K [01;36m[Knote: [m[K  template argument deduction/substitution failed:
[01m[K/home/jrv/Research/Velodyne/velodyne_ws/src/lidar_sp/src/a2.cpp:26:77:[m[K [01;36m[Knote: [m[K  mismatched types â€˜[01m[Kvoid (*)(M)[m[Kâ€™ and â€˜[01m[Kvoid (cloud_filter::*)(...)[m[Kâ€™
 pcl_sub = nh.subscribe("/velodyne_cuts",10,&cloud_filter::cloud_sub_pub,this);
[01;32m[K                                                                             ^[m[K
In file included from [01m[K/opt/ros/kinetic/include/ros/ros.h:45:0[m[K,
                 from [01m[K/home/jrv/Research/Velodyne/velodyne_ws/src/lidar_sp/src/a2.cpp:1[m[K:
[01m[K/opt/ros/kinetic/include/ros/node_handle.h:704:14:[m[K [01;36m[Knote: [m[Kcandidate: template<class M> ros::Subscriber ros::NodeHandle::subscribe(const string&, uint32_t, void (*)(const boost::shared_ptr<const M>&), const ros::TransportHints&)
   Subscriber subscribe(const std::string& topic, uint32_t queue_size, void(*fp)(const boost::shared_ptr<M const>&), const TransportHints& transport_hints = TransportHints())
[01;32m[K              ^[m[K
[01m[K/opt/ros/kinetic/include/ros/node_handle.h:704:14:[m[K [01;36m[Knote: [m[K  template argument deduction/substitution failed:
[01m[K/home/jrv/Research/Velodyne/velodyne_ws/src/lidar_sp/src/a2.cpp:26:77:[m[K [01;36m[Knote: [m[K  mismatched types â€˜[01m[Kvoid (*)(const boost::shared_ptr<const M>&)[m[Kâ€™ and â€˜[01m[Kvoid (cloud_filter::*)(...)[m[Kâ€™
 pcl_sub = nh.subscribe("/velodyne_cuts",10,&cloud_filter::cloud_sub_pub,this);
[01;32m[K                                                                             ^[m[K
In file included from [01m[K/opt/ros/kinetic/include/ros/ros.h:45:0[m[K,
                 from [01m[K/home/jrv/Research/Velodyne/velodyne_ws/src/lidar_sp/src/a2.cpp:1[m[K:
[01m[K/opt/ros/kinetic/include/ros/node_handle.h:750:14:[m[K [01;36m[Knote: [m[Kcandidate: template<class M> ros::Subscriber ros::NodeHandle::subscribe(const string&, uint32_t, const boost::function<void(const boost::shared_ptr<const M>&)>&, const VoidConstPtr&, const ros::TransportHints&)
   Subscriber subscribe(const std::string& topic, uint32_t queue_size, const boost::function<void (const boost::shared_ptr<M const>&)>& callback,
[01;32m[K              ^[m[K
[01m[K/opt/ros/kinetic/include/ros/node_handle.h:750:14:[m[K [01;36m[Knote: [m[K  template argument deduction/substitution failed:
[01m[K/home/jrv/Research/Velodyne/velodyne_ws/src/lidar_sp/src/a2.cpp:26:77:[m[K [01;36m[Knote: [m[K  mismatched types â€˜[01m[Kconst boost::function<void(const boost::shared_ptr<const M>&)>[m[Kâ€™ and â€˜[01m[Kvoid (cloud_filter::*)(...)[m[Kâ€™
 pcl_sub = nh.subscribe("/velodyne_cuts",10,&cloud_filter::cloud_sub_pub,this);
[01;32m[K                                                                             ^[m[K
In file included from [01m[K/opt/ros/kinetic/include/ros/ros.h:45:0[m[K,
                 from [01m[K/home/jrv/Research/Velodyne/velodyne_ws/src/lidar_sp/src/a2.cpp:1[m[K:
[01m[K/opt/ros/kinetic/include/ros/node_handle.h:799:14:[m[K [01;36m[Knote: [m[Kcandidate: template<class M, class C> ros::Subscriber ros::NodeHandle::subscribe(const string&, uint32_t, const boost::function<void(C)>&, const VoidConstPtr&, const ros::TransportHints&)
   Subscriber subscribe(const std::string& topic, uint32_t queue_size, const boost::function<void (C)>& callback,
[01;32m[K              ^[m[K
[01m[K/opt/ros/kinetic/include/ros/node_handle.h:799:14:[m[K [01;36m[Knote: [m[K  template argument deduction/substitution failed:
[01m[K/home/jrv/Research/Velodyne/velodyne_ws/src/lidar_sp/src/a2.cpp:26:77:[m[K [01;36m[Knote: [m[K  mismatched types â€˜[01m[Kconst boost::function<void(C)>[m[Kâ€™ and â€˜[01m[Kvoid (cloud_filter::*)(...)[m[Kâ€™
 pcl_sub = nh.subscribe("/velodyne_cuts",10,&cloud_filter::cloud_sub_pub,this);
[01;32m[K                                                                             ^[m[K
In file included from [01m[K/opt/ros/kinetic/include/ros/ros.h:45:0[m[K,
                 from [01m[K/home/jrv/Research/Velodyne/velodyne_ws/src/lidar_sp/src/a2.cpp:1[m[K:
[01m[K/opt/ros/kinetic/include/ros/node_handle.h:836:14:[m[K [01;36m[Knote: [m[Kcandidate: ros::Subscriber ros::NodeHandle::subscribe(ros::SubscribeOptions&)
   Subscriber subscribe(SubscribeOptions& ops);
[01;32m[K              ^[m[K
[01m[K/opt/ros/kinetic/include/ros/node_handle.h:836:14:[m[K [01;36m[Knote: [m[K  candidate expects 1 argument, 4 provided
[01m[K/home/jrv/Research/Velodyne/velodyne_ws/src/lidar_sp/src/a2.cpp:[m[K At global scope:
[01m[K/home/jrv/Research/Velodyne/velodyne_ws/src/lidar_sp/src/a2.cpp:30:62:[m[K [01;31m[Kerror: [m[Kexpected unqualified-id before â€˜[01m[K&[m[Kâ€™ token
 void cloud_filter::cloud_sub_pub(const VPointCloud::ConstPtr &inMsg)
[01;32m[K                                                              ^[m[K
[01m[K/home/jrv/Research/Velodyne/velodyne_ws/src/lidar_sp/src/a2.cpp:30:62:[m[K [01;31m[Kerror: [m[Kexpected â€˜[01m[K)[m[Kâ€™ before â€˜[01m[K&[m[Kâ€™ token
[01m[K/home/jrv/Research/Velodyne/velodyne_ws/src/lidar_sp/src/a2.cpp:30:63:[m[K [01;31m[Kerror: [m[Kexpected initializer before â€˜[01m[KinMsg[m[Kâ€™
 void cloud_filter::cloud_sub_pub(const VPointCloud::ConstPtr &inMsg)
[01;32m[K                                                               ^[m[K
make[2]: *** [CMakeFiles/a2.dir/src/a2.cpp.o] Error 1
make[1]: *** [CMakeFiles/a2.dir/all] Error 2
make: *** [all] Error 2
