[35m[1mScanning dependencies of target a2[0m
[ 33%] Built target a1
[ 66%] Built target a2_helper
[ 83%] [32mBuilding CXX object CMakeFiles/a2.dir/src/a2.cpp.o[0m
[01m[K/home/jrv/Research/Velodyne/velodyne_ws/src/lidar_sp/src/a2.cpp:[m[K In member function â€˜[01m[Kvoid cloud_filter::cloud_sub_pub(const PointCloud2ConstPtr&)[m[Kâ€™:
[01m[K/home/jrv/Research/Velodyne/velodyne_ws/src/lidar_sp/src/a2.cpp:61:26:[m[K [01;31m[Kerror: [m[Kcannot convert â€˜[01m[Kconst _stamp_type {aka const ros::Time}[m[Kâ€™ to â€˜[01m[Kuint64_t {aka long unsigned int}[m[Kâ€™ in assignment
     outMsg->header.stamp = inMsg->header.stamp;
[01;32m[K                          ^[m[K
[01m[K/home/jrv/Research/Velodyne/velodyne_ws/src/lidar_sp/src/a2.cpp:67:35:[m[K [01;31m[Kerror: [m[Kâ€˜[01m[Kconst struct sensor_msgs::PointCloud2_<std::allocator<void> >[m[Kâ€™ has no member named â€˜[01m[Kpoints[m[Kâ€™
     for (size_t i = 0; i < inMsg->points.size(); ++i)
[01;32m[K                                   ^[m[K
[01m[K/home/jrv/Research/Velodyne/velodyne_ws/src/lidar_sp/src/a2.cpp:70:22:[m[K [01;31m[Kerror: [m[Kâ€˜[01m[Kconst struct sensor_msgs::PointCloud2_<std::allocator<void> >[m[Kâ€™ has no member named â€˜[01m[Kpoints[m[Kâ€™
         p.x = inMsg->points[i].x;
[01;32m[K                      ^[m[K
[01m[K/home/jrv/Research/Velodyne/velodyne_ws/src/lidar_sp/src/a2.cpp:71:22:[m[K [01;31m[Kerror: [m[Kâ€˜[01m[Kconst struct sensor_msgs::PointCloud2_<std::allocator<void> >[m[Kâ€™ has no member named â€˜[01m[Kpoints[m[Kâ€™
         p.y = inMsg->points[i].y;
[01;32m[K                      ^[m[K
[01m[K/home/jrv/Research/Velodyne/velodyne_ws/src/lidar_sp/src/a2.cpp:72:22:[m[K [01;31m[Kerror: [m[Kâ€˜[01m[Kconst struct sensor_msgs::PointCloud2_<std::allocator<void> >[m[Kâ€™ has no member named â€˜[01m[Kpoints[m[Kâ€™
         p.z = inMsg->points[i].z;
[01;32m[K                      ^[m[K
[01m[K/home/jrv/Research/Velodyne/velodyne_ws/src/lidar_sp/src/a2.cpp:73:24:[m[K [01;31m[Kerror: [m[Kâ€˜[01m[Kconst struct sensor_msgs::PointCloud2_<std::allocator<void> >[m[Kâ€™ has no member named â€˜[01m[Kpoints[m[Kâ€™
         p.rgb = inMsg->points[i].rgb;
[01;32m[K                        ^[m[K
CMakeFiles/a2.dir/build.make:62: recipe for target 'CMakeFiles/a2.dir/src/a2.cpp.o' failed
make[2]: *** [CMakeFiles/a2.dir/src/a2.cpp.o] Error 1
CMakeFiles/Makefile2:3149: recipe for target 'CMakeFiles/a2.dir/all' failed
make[1]: *** [CMakeFiles/a2.dir/all] Error 2
Makefile:140: recipe for target 'all' failed
make: *** [all] Error 2
