[01m[K/home/jrv/Research/Velodyne/velodyne_ws/src/lidar_sp/src/a1.cpp:60:24:[m[K [01;31m[Kerror: [m[Kâ€˜[01m[KVPointCloud[m[Kâ€™ does not name a type
     void cloudCB(const VPointCloud::ConstPtr &input)
[01;32m[K                        ^[m[K
[01m[K/home/jrv/Research/Velodyne/velodyne_ws/src/lidar_sp/src/a1.cpp:60:46:[m[K [01;31m[Kerror: [m[Kexpected unqualified-id before â€˜[01m[K&[m[Kâ€™ token
     void cloudCB(const VPointCloud::ConstPtr &input)
[01;32m[K                                              ^[m[K
[01m[K/home/jrv/Research/Velodyne/velodyne_ws/src/lidar_sp/src/a1.cpp:60:46:[m[K [01;31m[Kerror: [m[Kexpected â€˜[01m[K)[m[Kâ€™ before â€˜[01m[K&[m[Kâ€™ token
[01m[K/home/jrv/Research/Velodyne/velodyne_ws/src/lidar_sp/src/a1.cpp:60:37:[m[K [01;31m[Kerror: [m[Kexpected â€˜[01m[K;[m[Kâ€™ at end of member declaration
     void cloudCB(const VPointCloud::ConstPtr &input)
[01;32m[K                                     ^[m[K
[01m[K/home/jrv/Research/Velodyne/velodyne_ws/src/lidar_sp/src/a1.cpp:60:47:[m[K [01;31m[Kerror: [m[KISO C++ forbids declaration of â€˜[01m[Kinput[m[Kâ€™ with no type [-fpermissive]
     void cloudCB(const VPointCloud::ConstPtr &input)
[01;32m[K                                               ^[m[K
[01m[K/home/jrv/Research/Velodyne/velodyne_ws/src/lidar_sp/src/a1.cpp:60:47:[m[K [01;31m[Kerror: [m[Kexpected â€˜[01m[K;[m[Kâ€™ at end of member declaration
[01m[K/home/jrv/Research/Velodyne/velodyne_ws/src/lidar_sp/src/a1.cpp:60:52:[m[K [01;31m[Kerror: [m[Kexpected unqualified-id before â€˜[01m[K)[m[Kâ€™ token
     void cloudCB(const VPointCloud::ConstPtr &input)
[01;32m[K                                                    ^[m[K
[01m[K/home/jrv/Research/Velodyne/velodyne_ws/src/lidar_sp/src/a1.cpp:115:1:[m[K [01;31m[Kerror: [m[Kexpected â€˜[01m[K}[m[Kâ€™ at end of input
 }
[01;32m[K ^[m[K
[01m[K/home/jrv/Research/Velodyne/velodyne_ws/src/lidar_sp/src/a1.cpp:[m[K In constructor â€˜[01m[KcloudHandler::cloudHandler()[m[Kâ€™:
[01m[K/home/jrv/Research/Velodyne/velodyne_ws/src/lidar_sp/src/a1.cpp:54:5:[m[K [01;31m[Kerror: [m[Kuninitialized reference member in â€˜[01m[Kint&[m[Kâ€™ [-fpermissive]
     cloudHandler()
[01;32m[K     ^[m[K
[01m[K/home/jrv/Research/Velodyne/velodyne_ws/src/lidar_sp/src/a1.cpp:60:47:[m[K [01;36m[Knote: [m[Kâ€˜[01m[Kint& cloudHandler::input[m[Kâ€™ should be initialized
     void cloudCB(const VPointCloud::ConstPtr &input)
[01;32m[K                                               ^[m[K
[01m[K/home/jrv/Research/Velodyne/velodyne_ws/src/lidar_sp/src/a1.cpp:56:9:[m[K [01;31m[Kerror: [m[Kâ€˜[01m[Kpcl_sub[m[Kâ€™ was not declared in this scope
         pcl_sub = nh.subscribe("/velodyne_points", 10, &cloudHandler::cloudCB, this);
[01;32m[K         ^[m[K
[01m[K/home/jrv/Research/Velodyne/velodyne_ws/src/lidar_sp/src/a1.cpp:56:19:[m[K [01;31m[Kerror: [m[Kâ€˜[01m[Knh[m[Kâ€™ was not declared in this scope
         pcl_sub = nh.subscribe("/velodyne_points", 10, &cloudHandler::cloudCB, this);
[01;32m[K                   ^[m[K
[01m[K/home/jrv/Research/Velodyne/velodyne_ws/src/lidar_sp/src/a1.cpp:57:9:[m[K [01;31m[Kerror: [m[Kâ€˜[01m[Kpcl_pub[m[Kâ€™ was not declared in this scope
         pcl_pub = nh.advertise<sensor_msgs::PointCloud2>("pcl_filtered", 1);
[01;32m[K         ^[m[K
[01m[K/home/jrv/Research/Velodyne/velodyne_ws/src/lidar_sp/src/a1.cpp:57:56:[m[K [01;31m[Kerror: [m[Kexpected primary-expression before â€˜[01m[K>[m[Kâ€™ token
         pcl_pub = nh.advertise<sensor_msgs::PointCloud2>("pcl_filtered", 1);
[01;32m[K                                                        ^[m[K
[01m[K/home/jrv/Research/Velodyne/velodyne_ws/src/lidar_sp/src/a1.cpp:[m[K At global scope:
[01m[K/home/jrv/Research/Velodyne/velodyne_ws/src/lidar_sp/src/a1.cpp:58:5:[m[K [01;31m[Kerror: [m[Kexpected unqualified-id at end of input
     }
[01;32m[K     ^[m[K
make[2]: *** [CMakeFiles/a1.dir/src/a1.cpp.o] Error 1
make[1]: *** [CMakeFiles/a1.dir/all] Error 2
make: *** [all] Error 2
