[01m[K/home/jrv/Research/Velodyne/velodyne_ws/src/lidar_sp/src/lidar_sp.cpp:[m[K In constructor â€˜[01m[Kvelodyne_pointcloud::RingCuts::RingCuts(ros::NodeHandle, ros::NodeHandle)[m[Kâ€™:
[01m[K/home/jrv/Research/Velodyne/velodyne_ws/src/lidar_sp/src/lidar_sp.cpp:42:23:[m[K [01;31m[Kerror: [m[Kâ€˜[01m[KconvertPoints[m[Kâ€™ is not a member of â€˜[01m[Kvelodyne_pointcloud::RingCuts[m[Kâ€™
                      &RingCuts::convertPoints, this,
[01;32m[K                       ^[m[K
[01m[K/home/jrv/Research/Velodyne/velodyne_ws/src/lidar_sp/src/lidar_sp.cpp:[m[K At global scope:
[01m[K/home/jrv/Research/Velodyne/velodyne_ws/src/lidar_sp/src/lidar_sp.cpp:49:63:[m[K [01;31m[Kerror: [m[Kno â€˜[01m[Kvoid velodyne_pointcloud::RingCuts::convertPoints(const ConstPtr&)[m[Kâ€™ member function declared in class â€˜[01m[Kvelodyne_pointcloud::RingCuts[m[Kâ€™
     RingCuts::convertPoints(const VPointCloud::ConstPtr &inMsg)
[01;32m[K                                                               ^[m[K
make[2]: *** [CMakeFiles/lidar_sp.dir/src/lidar_sp.cpp.o] Error 1
make[1]: *** [CMakeFiles/lidar_sp.dir/all] Error 2
make: *** [all] Error 2
